11:34:19.029 INFO [GridLauncherV3.parse] - Selenium server version: 3.141.59, revision: e82be7d358
11:34:19.076 INFO [GridLauncherV3.lambda$buildLaunchers$3] - Launching a standalone Selenium Server on port 4445
2019-03-29 11:34:19.114:INFO::main: Logging initialized @272ms to org.seleniumhq.jetty9.util.log.StdErrLog
11:34:19.286 INFO [WebDriverServlet.<init>] - Initialising WebDriverServlet
11:34:19.357 INFO [SeleniumServer.boot] - Selenium Server is up and running on port 4445
11:34:19.674 INFO [ActiveSessionFactory.apply] - Capabilities are: {
  "acceptSslCerts": true,
  "browserName": "firefox",
  "javascriptEnabled": true,
  "marionette": true,
  "name": "Calculator"
}
11:34:19.676 INFO [ActiveSessionFactory.lambda$apply$11] - Matched factory org.openqa.selenium.grid.session.remote.ServicedSession$Factory (provider: org.openqa.selenium.firefox.GeckoDriverService)
1553880859842	mozrunner::runner	INFO	Running command: "/Applications/Firefox.app/Contents/MacOS/firefox-bin" "-marionette" "-foreground" "-no-remote" "-profile" "/var/folders/tp/hh512dhn5dd__h2v77zgfsb40000gn/T/rust_mozprofile.WN5ueM4gkyj2"
1553880860216	addons.webextension.screenshots@mozilla.org	WARN	Loading extension 'screenshots@mozilla.org': Reading manifest: Invalid extension permission: mozillaAddons
1553880860216	addons.webextension.screenshots@mozilla.org	WARN	Loading extension 'screenshots@mozilla.org': Reading manifest: Invalid extension permission: resource://pdf.js/
1553880860216	addons.webextension.screenshots@mozilla.org	WARN	Loading extension 'screenshots@mozilla.org': Reading manifest: Invalid extension permission: about:reader*
1553880861537	Marionette	INFO	Listening on port 51357
11:34:21.621 INFO [ProtocolHandshake.createSession] - Detected dialect: W3C
11:34:21.646 INFO [RemoteSession$Factory.lambda$performHandshake$0] - Started new session 9fffd9df-f6df-2d40-8b5c-09d9d83ec2c5 (org.openqa.selenium.firefox.GeckoDriverService)
1553880863645	Marionette	INFO	Stopped listening on port 51357
11:34:24.067 INFO [ActiveSessions$1.onStop] - Removing session 9fffd9df-f6df-2d40-8b5c-09d9d83ec2c5 (org.openqa.selenium.firefox.GeckoDriverService)
